<?xml version="1.0" encoding="UTF-8"?>
<!-- Generated by org.testng.reporters.JUnitReportReporter -->
<testsuite skipped="0" hostname="LAPTOP-FSQO98E0" name="com.oschina.test.Login_Case" tests="4" failures="0" timestamp="13 十月 2017 02:14:29 GMT" time="131.337" errors="0">
  <testcase name="test_user_pwd_error_case" time="67.461" classname="com.oschina.test.Login_Case"/>
  <testcase name="test_pwd_null_case" time="22.733" classname="com.oschina.test.Login_Case"/>
  <testcase name="test_login_case" time="21.021" classname="com.oschina.test.Login_Case"/>
  <testcase name="test_user_null_case" time="20.122" classname="com.oschina.test.Login_Case"/>
</testsuite> <!-- com.oschina.test.Login_Case -->
