<?xml version="1.0" encoding="UTF-8"?>
<!-- Generated by org.testng.reporters.JUnitReportReporter -->
<testsuite hostname="LAPTOP-1SOSK19O" name="com.oschina.test.Home_Case" tests="8" failures="0" timestamp="31 Jul 2017 07:54:00 GMT" time="100.208" errors="0">
  <testcase name="test_home_add_software_case" time="12.787" classname="com.oschina.test.Home_Case"/>
  <testcase name="test_home_code_case" time="12.563" classname="com.oschina.test.Home_Case"/>
  <testcase name="test_home_msg_case" time="12.291" classname="com.oschina.test.Home_Case"/>
  <testcase name="test_home_blog_case" time="11.436" classname="com.oschina.test.Home_Case"/>
  <testcase name="test_home_profile_case" time="11.792" classname="com.oschina.test.Home_Case"/>
  <testcase name="test_home_discuss_case" time="15.490" classname="com.oschina.test.Home_Case"/>
  <testcase name="test_home_favorites_case" time="12.084" classname="com.oschina.test.Home_Case"/>
  <testcase name="test_home_friends_case" time="11.765" classname="com.oschina.test.Home_Case"/>
</testsuite> <!-- com.oschina.test.Home_Case -->
